2025-09-29 13:44:45,007 - ERROR - Обработчики недоступны. Проверьте структуру файлов.
2025-09-29 13:45:42,805 - ERROR - Обработчики недоступны. Проверьте структуру файлов.
2025-09-29 13:45:57,534 - ERROR - Обработчики недоступны. Проверьте структуру файлов.
2025-09-29 13:46:08,918 - ERROR - Обработчики недоступны. Проверьте структуру файлов.
2025-09-29 13:46:24,247 - ERROR - Обработчики недоступны. Проверьте структуру файлов.
2025-09-29 13:46:45,844 - INFO - Запуск в режиме шедулера
2025-09-29 13:46:45,844 - INFO - Запуск шедулера мониторинга (агент: python_snmp_agent)
2025-09-29 13:46:45,844 - INFO - Шедулер настроен на проверку каждые 60 секунд
2025-09-29 13:46:45,844 - INFO - Первый запуск мониторинга...
2025-09-29 13:46:45,853 - INFO - Успешное подключение к БД
2025-09-29 13:46:45,858 - INFO - Найдено запланированных задач: 2
2025-09-29 13:46:45,858 - INFO - Задача Basic System Monitoring должна быть выполнена (прошло 146.0 интервалов по 1 минут)
2025-09-29 13:46:45,858 - INFO - Выполнение запланированной задачи: Basic System Monitoring
2025-09-29 13:46:45,858 - INFO - Начало обработки задачи: Basic System Monitoring
2025-09-29 13:46:45,884 - INFO - Обработка 1 узлов и 6 запросов (handler: 1)
2025-09-29 13:46:45,884 - INFO - === ЭТАП 1: Сбор SNMP данных ===
2025-09-29 13:46:48,069 - WARNING - GET запрос для 1.3.6.1.2.1.1.1.0 не удался
2025-09-29 13:46:50,229 - WARNING - GET запрос для 1.3.6.1.2.1.1.3.0 не удался
2025-09-29 13:46:52,385 - WARNING - GET запрос для 1.3.6.1.2.1.1.4.0 не удался
2025-09-29 13:46:54,554 - WARNING - GET запрос для 1.3.6.1.2.1.1.5.0 не удался
2025-09-29 13:46:56,767 - WARNING - GET запрос для 1.3.6.1.2.1.1.6.0 не удался
2025-09-29 13:46:58,939 - WARNING - GET запрос для 1.3.6.1.2.1.2.1.0 не удался
2025-09-29 13:46:58,940 - INFO - Собрано сырых SNMP результатов: 6
2025-09-29 13:46:58,964 - INFO - Сохранено сырых данных в result: 6
2025-09-29 13:46:58,964 - INFO - === ЭТАП 2: Обработка через handlers ===
2025-09-29 13:46:58,965 - INFO - Задача Basic System Monitoring завершена. Узлов: 1, Запросов: 6
2025-09-29 13:46:58,981 - INFO - Задача MAC Address Collection должна быть выполнена (прошло 146.0 интервалов по 1 минут)
2025-09-29 13:46:58,982 - INFO - Выполнение запланированной задачи: MAC Address Collection
2025-09-29 13:46:58,982 - INFO - Начало обработки задачи: MAC Address Collection
2025-09-29 13:46:59,003 - INFO - Обработка 1 узлов и 6 запросов (handler: 2)
2025-09-29 13:46:59,003 - INFO - === ЭТАП 1: Сбор SNMP данных ===
2025-09-29 13:47:01,272 - WARNING - WALK запрос для 1.3.6.1.2.1.17.4.3.1.1 не вернул данных
2025-09-29 13:47:03,454 - WARNING - WALK запрос для 1.3.6.1.2.1.17.4.3.1.2 не вернул данных
2025-09-29 13:47:05,620 - WARNING - WALK запрос для 1.3.6.1.2.1.4.22.1.2 не вернул данных
2025-09-29 13:47:07,791 - WARNING - GET запрос для 1.3.6.1.2.1.17.1.1.0 не удался
2025-09-29 13:47:09,946 - WARNING - WALK запрос для 1.3.6.1.2.1.17.4.3.1.3 не вернул данных
2025-09-29 13:47:09,998 - INFO - Отключение от БД
2025-09-29 13:51:14,863 - INFO - Запуск в режиме шедулера
2025-09-29 13:51:14,863 - INFO - Запуск шедулера мониторинга (агент: python_snmp_agent)
2025-09-29 13:51:14,864 - INFO - Шедулер настроен на проверку каждые 60 секунд
2025-09-29 13:51:14,864 - INFO - Первый запуск мониторинга...
2025-09-29 13:51:14,872 - INFO - Успешное подключение к БД
2025-09-29 13:51:14,879 - INFO - Найдено запланированных задач: 1
2025-09-29 13:51:14,879 - INFO - Задача Basic System Monitoring должна быть выполнена (прошло 4.0 интервалов по 1 минут)
2025-09-29 13:51:14,879 - INFO - Выполнение запланированной задачи: Basic System Monitoring
2025-09-29 13:51:14,879 - INFO - Начало обработки задачи: Basic System Monitoring
2025-09-29 13:51:14,914 - INFO - Обработка 1 узлов и 6 запросов (handler: 1)
2025-09-29 13:51:14,914 - INFO - === ЭТАП 1: Сбор SNMP данных ===
2025-09-29 13:51:16,038 - INFO - Собрано сырых SNMP результатов: 6
2025-09-29 13:51:16,059 - INFO - Сохранено сырых данных в result: 6
2025-09-29 13:51:16,059 - INFO - === ЭТАП 2: Обработка через handlers ===
2025-09-29 13:51:16,060 - INFO - Задача Basic System Monitoring завершена. Узлов: 1, Запросов: 6
2025-09-29 13:51:16,075 - INFO - Выполнено задач: 1 из 1
2025-09-29 13:51:16,076 - INFO - Отключение от БД
2025-09-29 13:51:22,420 - INFO - Получен сигнал прерывания. Остановка шедулера...
2025-09-29 13:51:22,421 - INFO - Остановка шедулера мониторинга
